{"numTotalTestSuites":27,"numPassedTestSuites":27,"numFailedTestSuites":0,"numPendingTestSuites":0,"numTotalTests":46,"numPassedTests":46,"numFailedTests":0,"numPendingTests":0,"numTodoTests":0,"snapshot":{"added":0,"failure":false,"filesAdded":0,"filesRemoved":0,"filesRemovedList":[],"filesUnmatched":0,"filesUpdated":0,"matched":0,"total":0,"unchecked":0,"uncheckedKeysByFile":[],"unmatched":0,"updated":0,"didUpdate":false},"startTime":1783611050718,"success":true,"testResults":[{"assertionResults":[{"ancestorTitles":["appendUnderSection"],"fullName":"appendUnderSection creates the section when missing, padding a blank line before the heading","status":"passed","title":"creates the section when missing, padding a blank line before the heading","duration":1.0017090000000053,"failureMessages":[],"meta":{}},{"ancestorTitles":["appendUnderSection"],"fullName":"appendUnderSection appends under an existing section, above the following heading","status":"passed","title":"appends under an existing section, above the following heading","duration":0.14608399999997346,"failureMessages":[],"meta":{}},{"ancestorTitles":["appendUnderSection"],"fullName":"appendUnderSection appends to the last section when it runs to end of file","status":"passed","title":"appends to the last section when it runs to end of file","duration":0.06208400000002712,"failureMessages":[],"meta":{}},{"ancestorTitles":["renderDailyTemplate"],"fullName":"renderDailyTemplate expands date, weekday, and time tokens","status":"passed","title":"expands date, weekday, and time tokens","duration":0.10083299999996598,"failureMessages":[],"meta":{}},{"ancestorTitles":["renderDailyTemplate"],"fullName":"renderDailyTemplate falls back to the built-in template when blank","status":"passed","title":"falls back to the built-in template when blank","duration":0.09220800000002782,"failureMessages":[],"meta":{}},{"ancestorTitles":["shiftISO"],"fullName":"shiftISO walks days forward and backward across month boundaries","status":"passed","title":"walks days forward and backward across month boundaries","duration":0.09308400000003303,"failureMessages":[],"meta":{}},{"ancestorTitles":["weekdayName"],"fullName":"weekdayName names the weekday for an ISO date","status":"passed","title":"names the weekday for an ISO date","duration":0.046125000000017735,"failureMessages":[],"meta":{}},{"ancestorTitles":["linesInSection"],"fullName":"linesInSection returns the non-blank lines under a heading","status":"passed","title":"returns the non-blank lines under a heading","duration":0.3564999999999827,"failureMessages":[],"meta":{}},{"ancestorTitles":["linesInSection"],"fullName":"linesInSection returns an empty array when the section does not exist","status":"passed","title":"returns an empty array when the section does not exist","duration":0.05720800000000281,"failureMessages":[],"meta":{}},{"ancestorTitles":["routeDailyCapture"],"fullName":"routeDailyCapture routes a todo prefix to a Tasks checkbox line","status":"passed","title":"routes a todo prefix to a Tasks checkbox line","duration":0.2736250000000382,"failureMessages":[],"meta":{}},{"ancestorTitles":["routeDailyCapture"],"fullName":"routeDailyCapture routes a question prefix to Questions","status":"passed","title":"routes a question prefix to Questions","duration":0.15504199999998036,"failureMessages":[],"meta":{}},{"ancestorTitles":["routeDailyCapture"],"fullName":"routeDailyCapture routes a mood:: prefix to Mood with a timestamp","status":"passed","title":"routes a mood:: prefix to Mood with a timestamp","duration":0.19795800000002828,"failureMessages":[],"meta":{}},{"ancestorTitles":["routeDailyCapture"],"fullName":"routeDailyCapture falls back to a timestamped Log bullet for plain text","status":"passed","title":"falls back to a timestamped Log bullet for plain text","duration":0.08662500000002638,"failureMessages":[],"meta":{}},{"ancestorTitles":["linkifyMentions"],"fullName":"linkifyMentions links a mention that matches a known title case-insensitively","status":"passed","title":"links a mention that matches a known title case-insensitively","duration":0.08600000000001273,"failureMessages":[],"meta":{}},{"ancestorTitles":["linkifyMentions"],"fullName":"linkifyMentions leaves an unmatched mention as literal text","status":"passed","title":"leaves an unmatched mention as literal text","duration":0.03108300000002373,"failureMessages":[],"meta":{}},{"ancestorTitles":["isoWeekMonday / isoWeekLabel"],"fullName":"isoWeekMonday / isoWeekLabel finds the Monday of the ISO week containing a date","status":"passed","title":"finds the Monday of the ISO week containing a date","duration":0.10287500000004002,"failureMessages":[],"meta":{}},{"ancestorTitles":["isoWeekMonday / isoWeekLabel"],"fullName":"isoWeekMonday / isoWeekLabel labels the ISO week","status":"passed","title":"labels the ISO week","duration":0.0701249999999618,"failureMessages":[],"meta":{}}],"startTime":1783611051315,"endTime":1783611051318.198,"status":"passed","message":"","name":"/Users/michael/Documents/GitHub/Notes/app/src/lib/__tests__/dailyNote.test.ts"},{"assertionResults":[{"ancestorTitles":["esc"],"fullName":"esc escapes HTML-significant characters including quotes","status":"passed","title":"escapes HTML-significant characters including quotes","duration":0.6457089999999539,"failureMessages":[],"meta":{}},{"ancestorTitles":["slug"],"fullName":"slug lowercases and dashes non-alphanumerics","status":"passed","title":"lowercases and dashes non-alphanumerics","duration":0.18849999999997635,"failureMessages":[],"meta":{}},{"ancestorTitles":["parseFront"],"fullName":"parseFront returns body untouched when there is no frontmatter","status":"passed","title":"returns body untouched when there is no frontmatter","duration":0.3257920000000354,"failureMessages":[],"meta":{}},{"ancestorTitles":["parseFront"],"fullName":"parseFront parses tags, known keys, and extra keys with a line offset","status":"passed","title":"parses tags, known keys, and extra keys with a line offset","duration":0.275291999999979,"failureMessages":[],"meta":{}},{"ancestorTitles":["mdToHtml"],"fullName":"mdToHtml renders headings with slug ids","status":"passed","title":"renders headings with slug ids","duration":0.29612500000001774,"failureMessages":[],"meta":{}},{"ancestorTitles":["mdToHtml"],"fullName":"mdToHtml emits task rows with the frontmatter offset applied","status":"passed","title":"emits task rows with the frontmatter offset applied","duration":0.08166699999998173,"failureMessages":[],"meta":{}},{"ancestorTitles":["mdToHtml"],"fullName":"mdToHtml keeps code block source retrievable and records the language","status":"passed","title":"keeps code block source retrievable and records the language","duration":0.21750000000002956,"failureMessages":[],"meta":{}},{"ancestorTitles":["mdToHtml"],"fullName":"mdToHtml records mermaid source in mermaidBlocks","status":"passed","title":"records mermaid source in mermaidBlocks","duration":0.04587500000002365,"failureMessages":[],"meta":{}},{"ancestorTitles":["mdToHtml"],"fullName":"mdToHtml neutralizes attribute injection through wiki links","status":"passed","title":"neutralizes attribute injection through wiki links","duration":0.12554199999999582,"failureMessages":[],"meta":{}},{"ancestorTitles":["mdToHtml"],"fullName":"mdToHtml neutralizes attribute injection through inline math","status":"passed","title":"neutralizes attribute injection through inline math","duration":0.1043329999999969,"failureMessages":[],"meta":{}},{"ancestorTitles":["mdToHtml"],"fullName":"mdToHtml renders tables with alignment","status":"passed","title":"renders tables with alignment","duration":0.149249999999995,"failureMessages":[],"meta":{}},{"ancestorTitles":["htmlToMd round-trip"],"fullName":"htmlToMd round-trip preserves headings, tasks, lists, and bold through a render cycle","status":"passed","title":"preserves headings, tasks, lists, and bold through a render cycle","duration":18.50633300000004,"failureMessages":[],"meta":{}},{"ancestorTitles":["htmlToMd round-trip"],"fullName":"htmlToMd round-trip preserves code fence language through a render cycle","status":"passed","title":"preserves code fence language through a render cycle","duration":5.312250000000063,"failureMessages":[],"meta":{}},{"ancestorTitles":["htmlToMd round-trip"],"fullName":"htmlToMd round-trip preserves mermaid source through a render cycle","status":"passed","title":"preserves mermaid source through a render cycle","duration":0.8245000000000573,"failureMessages":[],"meta":{}},{"ancestorTitles":["htmlToMd round-trip"],"fullName":"htmlToMd round-trip preserves inline math through a render cycle","status":"passed","title":"preserves inline math through a render cycle","duration":0.3805000000000973,"failureMessages":[],"meta":{}},{"ancestorTitles":["htmlToMd round-trip"],"fullName":"htmlToMd round-trip preserves wiki links through a render cycle","status":"passed","title":"preserves wiki links through a render cycle","duration":0.39066700000000765,"failureMessages":[],"meta":{}},{"ancestorTitles":["parseEml"],"fullName":"parseEml splits headers and body","status":"passed","title":"splits headers and body","duration":0.14754099999993286,"failureMessages":[],"meta":{}},{"ancestorTitles":["outlineMd / wordCount"],"fullName":"outlineMd / wordCount collects h1-h3 headings","status":"passed","title":"collects h1-h3 headings","duration":0.12950000000000728,"failureMessages":[],"meta":{}},{"ancestorTitles":["outlineMd / wordCount"],"fullName":"outlineMd / wordCount counts words ignoring markup","status":"passed","title":"counts words ignoring markup","duration":0.08849999999995362,"failureMessages":[],"meta":{}},{"ancestorTitles":["diffLines"],"fullName":"diffLines marks additions and deletions around a common core","status":"passed","title":"marks additions and deletions around a common core","duration":0.10158300000000509,"failureMessages":[],"meta":{}}],"startTime":1783611051315,"endTime":1783611051344.1016,"status":"passed","message":"","name":"/Users/michael/Documents/GitHub/Notes/app/src/lib/__tests__/markdown.test.ts"},{"assertionResults":[{"ancestorTitles":["parseTaskLine"],"fullName":"parseTaskLine parses done state, due date, and priority","status":"passed","title":"parses done state, due date, and priority","duration":0.8682919999999967,"failureMessages":[],"meta":{}},{"ancestorTitles":["parseTaskLine"],"fullName":"parseTaskLine returns null for non-task lines","status":"passed","title":"returns null for non-task lines","duration":0.17995800000005602,"failureMessages":[],"meta":{}},{"ancestorTitles":["buildTaskLine"],"fullName":"buildTaskLine round-trips through parseTaskLine","status":"passed","title":"round-trips through parseTaskLine","duration":0.14424999999999955,"failureMessages":[],"meta":{}},{"ancestorTitles":["scanTasks"],"fullName":"scanTasks collects tasks with line indices from markdown files only","status":"passed","title":"collects tasks with line indices from markdown files only","duration":0.1802500000000009,"failureMessages":[],"meta":{}},{"ancestorTitles":["date helpers"],"fullName":"date helpers flags past dates as overdue and today as today","status":"passed","title":"flags past dates as overdue and today as today","duration":0.17504200000001902,"failureMessages":[],"meta":{}}],"startTime":1783611051315,"endTime":1783611051317.175,"status":"passed","message":"","name":"/Users/michael/Documents/GitHub/Notes/app/src/lib/__tests__/tasks.test.ts"},{"assertionResults":[{"ancestorTitles":["typeFromFilename"],"fullName":"typeFromFilename maps extensions case-insensitively","status":"passed","title":"maps extensions case-insensitively","duration":0.5719170000000418,"failureMessages":[],"meta":{}},{"ancestorTitles":["isSupportedFile"],"fullName":"isSupportedFile accepts app-representable types and rejects binaries","status":"passed","title":"accepts app-representable types and rejects binaries","duration":0.1483750000000441,"failureMessages":[],"meta":{}},{"ancestorTitles":["mergeNoteContent"],"fullName":"mergeNoteContent returns the winner unchanged when the loser has nothing unique","status":"passed","title":"returns the winner unchanged when the loser has nothing unique","duration":0.07116600000000517,"failureMessages":[],"meta":{}},{"ancestorTitles":["mergeNoteContent"],"fullName":"mergeNoteContent folds unique loser lines in under a visible marker","status":"passed","title":"folds unique loser lines in under a visible marker","duration":0.14287500000000364,"failureMessages":[],"meta":{}}],"startTime":1783611051314,"endTime":1783611051315.1484,"status":"passed","message":"","name":"/Users/michael/Documents/GitHub/Notes/app/src/lib/__tests__/vaultFile.test.ts"}]}